2026-03-24 11:39:41,148 - __main__ - INFO - Configured units: 2
2026-03-24 11:39:41,148 - __main__ - INFO -   - TANK_B1_01: Building_A | IP: 172.25.52.247
2026-03-24 11:39:41,148 - __main__ - INFO -   - TANK_B1_02: Building_A | IP: 192.168.1.100
2026-03-24 11:39:41,659 - __main__ - INFO - ✓ MongoDB connection successful
2026-03-24 11:39:41,817 - __main__ - INFO - 
>>> Running single monitoring cycle...
2026-03-24 11:39:41,817 - __main__ - INFO - ============================================================
2026-03-24 11:39:41,817 - __main__ - INFO - Starting monitoring cycle - 2026-03-24 11:39:41
2026-03-24 11:39:41,817 - __main__ - INFO - ============================================================
2026-03-24 11:39:41,994 - __main__ - INFO - ✓ TANK_B1_01 - Voltage: 0.508V, Pressure: 0.002MPa
2026-03-24 11:39:53,080 - __main__ - ERROR - ✗ TANK_B1_02 - Request timeout
2026-03-24 11:39:54,095 - __main__ - INFO - Cycle Complete: 1/2 units processed successfully
2026-03-24 11:39:54,095 - __main__ - INFO - TANK_B1_01: 0.0% (0L)
2026-03-24 11:39:59,743 - __main__ - INFO - Configured units: 2
2026-03-24 11:39:59,743 - __main__ - INFO -   - TANK_B1_01: Building_A | IP: 172.25.52.247
2026-03-24 11:39:59,744 - __main__ - INFO -   - TANK_B1_02: Building_A | IP: 192.168.1.100
2026-03-24 11:40:00,388 - __main__ - INFO - ✓ MongoDB connection successful
2026-03-24 11:40:00,541 - __main__ - INFO - 
>>> Running single monitoring cycle...
2026-03-24 11:40:00,541 - __main__ - INFO - ============================================================
2026-03-24 11:40:00,542 - __main__ - INFO - Starting monitoring cycle - 2026-03-24 11:40:00
2026-03-24 11:40:00,542 - __main__ - INFO - ============================================================
2026-03-24 11:40:00,708 - __main__ - INFO - ✓ TANK_B1_01 - Voltage: 0.657V, Pressure: 0.047MPa
2026-03-24 11:40:11,820 - __main__ - ERROR - ✗ TANK_B1_02 - Request timeout
2026-03-24 11:40:12,824 - __main__ - INFO - Cycle Complete: 1/2 units processed successfully
2026-03-24 11:40:12,824 - __main__ - INFO - TANK_B1_01: 0.0% (0L)
